::1 GET /http://localhost:3000/productos 404 54 - 5.320 ms
::1 GET / 200 15 - 3.708 ms
::1 POST /auth/register - - - - ms
::1 POST /auth/register 201 156 - 757.579 ms
::1 POST /auth/login 200 230 - 158.821 ms
::1 GET /products 200 26 - 58.126 ms
::1 POST /products 401 40 - 2.139 ms
::1 POST /products 500 92 - 4.859 ms
::1 POST /products 401 40 - 0.574 ms
::1 POST /products 401 40 - 0.752 ms
::1 POST /products 401 40 - 0.594 ms
::1 POST /products 401 40 - 0.610 ms
::1 POST /products 500 92 - 3.910 ms
::1 POST /products 500 92 - 1.857 ms
::1 POST /products 400 45 - 10.108 ms
::1 POST /products 201 210 - 496.034 ms
::1 GET /products 200 212 - 540.392 ms
::1 DELETE /products/693d682657078675444cf4c2 401 38 - 4.033 ms
::1 POST /auth/login 200 230 - 669.223 ms
::1 DELETE /products/693d682657078675444cf4c2 200 210 - 63.271 ms
::1 GET / 200 15 - 0.417 ms
::1 GET / 200 15 - 0.177 ms
::1 GET /products 200 26 - 53.901 ms
::1 GET /products 200 26 - 41.073 ms
::1 DELETE /products/693d682657078675444cf4c2 404 50 - 43.916 ms
::1 DELETE /products/693d682657078675444cf4c2 404 50 - 41.693 ms
::1 POST /auth/login 200 230 - 138.741 ms
::1 POST /auth/login 200 230 - 170.745 ms
::1 DELETE /products/693d682657078675444cf4c2 404 50 - 48.502 ms
::1 POST /products 201 210 - 70.481 ms
::1 GET /products 200 212 - 57.410 ms
::1 DELETE /products/693d682657078675444cf4c2 404 50 - 37.645 ms
::1 GET /products 200 212 - 41.957 ms
::1 GET / 200 15 - 0.824 ms
::1 GET /favicon.ico 404 54 - 0.397 ms
